-------------------------------------------------------------------------------
Test set: com.example.JavaTestApplicationTests
-------------------------------------------------------------------------------
Tests run: 1, Failures: 0, Errors: 1, Skipped: 0, Time elapsed: 1.292 s <<< FAILURE! - in com.example.JavaTestApplicationTests
contextLoads  Time elapsed: 0.009 s  <<< ERROR!
java.lang.IllegalStateException: Failed to load ApplicationContext
Caused by: org.springframework.beans.factory.support.BeanDefinitionOverrideException: Invalid bean definition with name 'metaDataSourceAdvisor' defined in null: Cannot register bean definition [Root bean: class [org.springframework.security.access.intercept.aopalliance.MethodSecurityMetadataSourceAdvisor]; scope=; abstract=false; lazyInit=null; autowireMode=0; dependencyCheck=0; autowireCandidate=true; primary=false; factoryBeanName=null; factoryMethodName=null; initMethodName=null; destroyMethodName=null] for bean 'metaDataSourceAdvisor': There is already [Root bean: class [org.springframework.security.access.intercept.aopalliance.MethodSecurityMetadataSourceAdvisor]; scope=; abstract=false; lazyInit=null; autowireMode=0; dependencyCheck=0; autowireCandidate=true; primary=false; factoryBeanName=null; factoryMethodName=null; initMethodName=null; destroyMethodName=null] bound.

